2023-11-06 21:39:22,703 - Started...
2023-11-06 21:40:06,487 - Started...
2023-11-06 21:46:52,586 - Started...
2023-11-06 21:46:54,771 - Event handler created
2023-11-06 21:48:33,838 - New .exe file created: C:/Users/Sudarshan\AppData\Local\Temp\kee4o1hq.exe
2023-11-06 21:48:39,007 - New .exe file created: C:/Users/Sudarshan\Downloads\synaptics-touchpad-driver-64bits-19.2.17.59-installer.exe
2023-11-06 21:48:44,230 - New .exe file created: C:/Users/Sudarshan\AppData\Local\Temp\nsgB000.tmp\kee4o1hq.exe
2023-11-06 21:48:53,709 - Objdump output saved to temp file: C:\Users\SUDARS~1\AppData\Local\Temp\kee4o1hq.asm
2023-11-06 21:48:54,080 - New .exe file created: C:/Users/Sudarshan\AppData\Local\Temp\nsgB000.tmp\kee4o1hq.exe
2023-11-06 21:49:03,631 - Objdump output saved to temp file: C:\Users\SUDARS~1\AppData\Local\Temp\kee4o1hq.asm
2023-11-06 21:49:03,955 - New .exe file created: C:/Users/Sudarshan\AppData\Local\Temp\nsgB000.tmp\kee4o1hq.exe
2023-11-06 21:49:13,032 - Objdump output saved to temp file: C:\Users\SUDARS~1\AppData\Local\Temp\kee4o1hq.asm
2023-11-06 21:49:13,421 - New .exe file created: C:/Users/Sudarshan\AppData\Local\Temp\nscB168.tmp\RAVEndPointProtection-installer.exe
2023-11-06 21:49:31,508 - Objdump output saved to temp file: C:\Users\SUDARS~1\AppData\Local\Temp\RAVEndPointProtection-installer.asm
2023-11-06 21:49:32,110 - New .exe file created: C:/Users/Sudarshan\AppData\Local\Temp\nscB168.tmp\rsSyncSvc.exe
2023-11-06 21:49:37,521 - New .exe file created: C:/Users/Sudarshan\AppData\Local\Temp\nscB168.tmp\RAVEndPointProtection-installer.exe
2023-11-06 21:49:51,081 - Objdump output saved to temp file: C:\Users\SUDARS~1\AppData\Local\Temp\RAVEndPointProtection-installer.asm
2023-11-06 21:49:51,765 - New .exe file created: C:/Users/Sudarshan\AppData\Local\Temp\nscB168.tmp\rsSyncSvc.exe
2023-11-06 21:49:56,917 - New .exe file created: C:/Users/Sudarshan\AppData\Local\Temp\nscB168.tmp\RAVEndPointProtection-installer.exe
2023-11-06 21:50:17,787 - Objdump output saved to temp file: C:\Users\SUDARS~1\AppData\Local\Temp\RAVEndPointProtection-installer.asm
2023-11-06 21:50:19,157 - New .exe file created: C:/Users/Sudarshan\AppData\Local\Temp\nscB168.tmp\rsSyncSvc.exe
